<?xml version="1.0" encoding="UTF-8"?>
<testng-results ignored="0" total="1" passed="1" failed="0" skipped="0">
  <reporter-output>
  </reporter-output>
  <suite started-at="2021-04-28T12:34:48 PDT" name="Default suite" finished-at="2021-04-28T12:35:37 PDT" duration-ms="48646">
    <groups>
    </groups>
    <test started-at="2021-04-28T12:34:48 PDT" name="Default test" finished-at="2021-04-28T12:35:37 PDT" duration-ms="48646">
      <class name="com.wbl.FirstRestAssured.HTTPDelete">
        <test-method signature="putRequest()[pri:0, instance:com.wbl.FirstRestAssured.HTTPDelete@add0edd]" started-at="2021-04-28T12:34:49 PDT" name="putRequest" finished-at="2021-04-28T12:35:37 PDT" duration-ms="47801" status="PASS">
          <reporter-output>
          </reporter-output>
        </test-method> <!-- putRequest -->
      </class> <!-- com.wbl.FirstRestAssured.HTTPDelete -->
    </test> <!-- Default test -->
  </suite> <!-- Default suite -->
</testng-results>
